Using pre-set license
Built from '2020.3/release' branch; Version is '2020.3.2f1 (8fd9074bf66c) revision 9427207'; Using compiler version '192528614'; Build Type 'Release'
OS: 'Windows 10 Home; OS build 19041.928; Version 2004; 64bit' Language: 'en' Physical Memory: 16313 MB
BatchMode: 1, IsHumanControllingUs: 0, StartBugReporterOnCrash: 0, Is64bit: 1, IsPro: 0

 COMMAND LINE ARGUMENTS:
C:\Program Files\Unity\Hub\Editor\2020.3.2f1\Editor\Unity.exe
-adb2
-batchMode
-noUpm
-name
AssetImportWorker0
-projectPath
C:/Users/Hykudo/Documents/Dev Studio/Game Development/Unity/Projects/VR-Oculus-Project
-logFile
Logs/AssetImportWorker0.log
-srvPort
63933
Successfully changed project path to: C:/Users/Hykudo/Documents/Dev Studio/Game Development/Unity/Projects/VR-Oculus-Project
C:/Users/Hykudo/Documents/Dev Studio/Game Development/Unity/Projects/VR-Oculus-Project
Using Asset Import Pipeline V2.
Refreshing native plugins compatible for Editor in 80.30 ms, found 9 plugins.
Preloading 1 native plugins for Editor in 1.27 ms.
Initialize engine version: 2020.3.2f1 (8fd9074bf66c)
[Subsystems] Discovering subsystems at path C:/Program Files/Unity/Hub/Editor/2020.3.2f1/Editor/Data/Resources/UnitySubsystems
[Subsystems] Discovering subsystems at path C:/Users/Hykudo/Documents/Dev Studio/Game Development/Unity/Projects/VR-Oculus-Project/Assets
GfxDevice: creating device client; threaded=0
Direct3D:
    Version:  Direct3D 11.0 [level 11.0]
    Renderer: AMD Radeon HD 5800 Series (ID=0x6898)
    Vendor:   
    VRAM:     1010 MB
    Driver:   15.201.1151.1008
Shader 'Oculus/OVRMRCameraFrameLit': fallback shader 'Alpha-Diffuse' not found
Initialize mono
Mono path[0] = 'C:/Program Files/Unity/Hub/Editor/2020.3.2f1/Editor/Data/Managed'
Mono path[1] = 'C:/Program Files/Unity/Hub/Editor/2020.3.2f1/Editor/Data/MonoBleedingEdge/lib/mono/unityjit'
Mono config path = 'C:/Program Files/Unity/Hub/Editor/2020.3.2f1/Editor/Data/MonoBleedingEdge/etc'
Using monoOptions --debugger-agent=transport=dt_socket,embedding=1,server=y,suspend=n,address=127.0.0.1:56688
Begin MonoManager ReloadAssembly
Registering precompiled unity dll's ...
Register platform support module: C:/Program Files/Unity/Hub/Editor/2020.3.2f1/Editor/Data/PlaybackEngines/WebGLSupport/UnityEditor.WebGL.Extensions.dll
Register platform support module: C:/Program Files/Unity/Hub/Editor/2020.3.2f1/Editor/Data/PlaybackEngines/WindowsStandaloneSupport/UnityEditor.WindowsStandalone.Extensions.dll
Registered in 0.002950 seconds.
Native extension for WindowsStandalone target not found
Native extension for WebGL target not found
Refreshing native plugins compatible for Editor in 61.72 ms, found 9 plugins.
Preloading 1 native plugins for Editor in 0.08 ms.
Invoked RoslynAnalysisRunner static constructor.
RoslynAnalysisRunner will not be running.
RoslynAnalysisRunner has terminated.
Mono: successfully reloaded assembly
- Completed reload, in  2.314 seconds
Platform modules already initialized, skipping
Registering precompiled user dll's ...
Registered in 0.006484 seconds.
Begin MonoManager ReloadAssembly
Native extension for WindowsStandalone target not found
Native extension for WebGL target not found
Refreshing native plugins compatible for Editor in 62.88 ms, found 9 plugins.
Preloading 1 native plugins for Editor in 0.08 ms.
Invoked RoslynAnalysisRunner static constructor.
RoslynAnalysisRunner will not be running.
RoslynAnalysisRunner has terminated.
[XR] OculusXRPlugin: registering subsystems
[XR] Unable to register display lifecyle provider: [1]
[XR] Oculus Input lifecycle provider registered.
[XR] Unable to register input lifecyle provider: [1]
[XR] OVRP version 1.57.0
Mono: successfully reloaded assembly
- Completed reload, in  1.125 seconds
Platform modules already initialized, skipping
========================================================================
Worker process is ready to serve import requests
Shader 'Oculus/OVRMRCameraFrameLit': fallback shader 'Alpha-Diffuse' not found
Launched and connected shader compiler UnityShaderCompiler.exe after 0.05 seconds
Refreshing native plugins compatible for Editor in 0.95 ms, found 9 plugins.
Preloading 1 native plugins for Editor in 0.09 ms.
Unloading 2357 Unused Serialized files (Serialized files now loaded: 0)
System memory in use before: 125.9 MB.
System memory in use after: 125.9 MB.

Unloading 48 unused Assets to reduce memory usage. Loaded Objects now: 2789.
Total: 3.109300 ms (FindLiveObjects: 0.324400 ms CreateObjectMapping: 0.100300 ms MarkObjects: 2.571500 ms  DeleteObjects: 0.111900 ms)

========================================================================
Received Import Request.
  path: Assets/Hyku/Prefabs/VR/VR Shrink Ray.prefab
  artifactKey: Guid(e7215f16eab457544b7549af646def40) Importer(815301076,1909f56bfc062723c751e8b465ee728b)
Start importing Assets/Hyku/Prefabs/VR/VR Shrink Ray.prefab using Guid(e7215f16eab457544b7549af646def40) Importer(815301076,1909f56bfc062723c751e8b465ee728b)  -> (artifact id: 'c2bd10154b27e1e8a1d6efc265c0c299') in 0.131923 seconds
  Import took 0.136220 seconds .

========================================================================
Received Import Request.
  Time since last request: 0.000299 seconds.
  path: Assets/Hyku/Prefabs/VR/XR Rig.prefab
  artifactKey: Guid(ec590125af473294e8cc8b12a3b63998) Importer(815301076,1909f56bfc062723c751e8b465ee728b)
Start importing Assets/Hyku/Prefabs/VR/XR Rig.prefab using Guid(ec590125af473294e8cc8b12a3b63998) Importer(815301076,1909f56bfc062723c751e8b465ee728b)  -> (artifact id: '14fa27a38e8f592461f1ee7dc7b45af9') in 0.051214 seconds
  Import took 0.055068 seconds .

========================================================================
Received Prepare
Registering precompiled user dll's ...
Registered in 0.006416 seconds.
Begin MonoManager ReloadAssembly
Native extension for WindowsStandalone target not found
Native extension for WebGL target not found
Refreshing native plugins compatible for Editor in 0.99 ms, found 9 plugins.
Preloading 1 native plugins for Editor in 0.08 ms.
Invoked RoslynAnalysisRunner static constructor.
RoslynAnalysisRunner will not be running.
RoslynAnalysisRunner has terminated.
Mono: successfully reloaded assembly
- Completed reload, in  0.990 seconds
Platform modules already initialized, skipping
Switching build target platform(5) subTarget(0) extendedPlatform(0) -> platform(13) subTarget(524294) extendedPlatform(0)
Shader 'Oculus/OVRMRCameraFrameLit': fallback shader 'Alpha-Diffuse' not found
Refreshing native plugins compatible for Editor in 0.99 ms, found 9 plugins.
Preloading 1 native plugins for Editor in 0.09 ms.
Unloading 2279 Unused Serialized files (Serialized files now loaded: 0)
System memory in use before: 119.1 MB.
System memory in use after: 119.3 MB.

Unloading 42 unused Assets to reduce memory usage. Loaded Objects now: 2802.
Total: 3.304300 ms (FindLiveObjects: 0.286000 ms CreateObjectMapping: 0.072500 ms MarkObjects: 2.907500 ms  DeleteObjects: 0.037100 ms)

AssetImportParameters requested are different than current active one (requested -> active):
  custom:graphics/normal-map-encoding: 01000000000000000000000000000000 -> 02000000000000000000000000000000
========================================================================
Received Import Request.
  Time since last request: 194.462077 seconds.
  path: Assets/New Terrain Material.mat
  artifactKey: Guid(77277e9555ed68d4d92b66d5c2069ca3) Importer(815301076,1909f56bfc062723c751e8b465ee728b)
Start importing Assets/New Terrain Material.mat using Guid(77277e9555ed68d4d92b66d5c2069ca3) Importer(815301076,1909f56bfc062723c751e8b465ee728b)  -> (artifact id: '764b909851623559b7bfb734568a6c3d') in 0.312191 seconds
  Import took 0.317105 seconds .

========================================================================
Received Prepare
Registering precompiled user dll's ...
Registered in 0.006705 seconds.
Begin MonoManager ReloadAssembly
Native extension for WindowsStandalone target not found
Native extension for WebGL target not found
Refreshing native plugins compatible for Editor in 1.01 ms, found 9 plugins.
Preloading 1 native plugins for Editor in 0.08 ms.
Invoked RoslynAnalysisRunner static constructor.
RoslynAnalysisRunner will not be running.
RoslynAnalysisRunner has terminated.
Mono: successfully reloaded assembly
- Completed reload, in  1.000 seconds
Platform modules already initialized, skipping
Switching build target platform(5) subTarget(0) extendedPlatform(0) -> platform(13) subTarget(524294) extendedPlatform(0)
Shader 'Oculus/OVRMRCameraFrameLit': fallback shader 'Alpha-Diffuse' not found
Refreshing native plugins compatible for Editor in 1.01 ms, found 9 plugins.
Preloading 1 native plugins for Editor in 0.09 ms.
Unloading 2279 Unused Serialized files (Serialized files now loaded: 0)
System memory in use before: 119.4 MB.
System memory in use after: 119.6 MB.

Unloading 42 unused Assets to reduce memory usage. Loaded Objects now: 2840.
Total: 2.471600 ms (FindLiveObjects: 0.288500 ms CreateObjectMapping: 0.079200 ms MarkObjects: 2.075200 ms  DeleteObjects: 0.027700 ms)

AssetImportParameters requested are different than current active one (requested -> active):
  custom:graphics/normal-map-encoding: 01000000000000000000000000000000 -> 02000000000000000000000000000000
========================================================================
Received Import Request.
  Time since last request: 529.402007 seconds.
  path: Assets/Hyku/Materials/Platform.mat
  artifactKey: Guid(cab5d40b41c92e24eb51a4e58a30cfe0) Importer(815301076,1909f56bfc062723c751e8b465ee728b)
Start importing Assets/Hyku/Materials/Platform.mat using Guid(cab5d40b41c92e24eb51a4e58a30cfe0) Importer(815301076,1909f56bfc062723c751e8b465ee728b)  -> (artifact id: '10fa50d978188487f277e63d398bd234') in 0.065061 seconds
  Import took 0.069274 seconds .

========================================================================
Received Prepare
Registering precompiled user dll's ...
Registered in 0.006442 seconds.
Begin MonoManager ReloadAssembly
Native extension for WindowsStandalone target not found
Native extension for WebGL target not found
Refreshing native plugins compatible for Editor in 1.00 ms, found 9 plugins.
Preloading 1 native plugins for Editor in 0.08 ms.
Invoked RoslynAnalysisRunner static constructor.
RoslynAnalysisRunner will not be running.
RoslynAnalysisRunner has terminated.
Mono: successfully reloaded assembly
- Completed reload, in  1.002 seconds
Platform modules already initialized, skipping
Switching build target platform(5) subTarget(0) extendedPlatform(0) -> platform(13) subTarget(524294) extendedPlatform(0)
Shader 'Oculus/OVRMRCameraFrameLit': fallback shader 'Alpha-Diffuse' not found
Refreshing native plugins compatible for Editor in 0.99 ms, found 9 plugins.
Preloading 1 native plugins for Editor in 0.09 ms.
Unloading 2279 Unused Serialized files (Serialized files now loaded: 0)
System memory in use before: 119.4 MB.
System memory in use after: 119.6 MB.

Unloading 42 unused Assets to reduce memory usage. Loaded Objects now: 2845.
Total: 2.491800 ms (FindLiveObjects: 0.358700 ms CreateObjectMapping: 0.069100 ms MarkObjects: 2.036300 ms  DeleteObjects: 0.026700 ms)

AssetImportParameters requested are different than current active one (requested -> active):
  custom:graphics/normal-map-encoding: 01000000000000000000000000000000 -> 02000000000000000000000000000000
========================================================================
Received Import Request.
  Time since last request: 243.168390 seconds.
  path: Assets/Hyku/Materials/Platform.mat
  artifactKey: Guid(cab5d40b41c92e24eb51a4e58a30cfe0) Importer(815301076,1909f56bfc062723c751e8b465ee728b)
Start importing Assets/Hyku/Materials/Platform.mat using Guid(cab5d40b41c92e24eb51a4e58a30cfe0) Importer(815301076,1909f56bfc062723c751e8b465ee728b)  -> (artifact id: '324c14101c8a89e199657d542c870658') in 0.065584 seconds
  Import took 0.073174 seconds .

========================================================================
Received Prepare
Registering precompiled user dll's ...
Registered in 0.006425 seconds.
Begin MonoManager ReloadAssembly
Native extension for WindowsStandalone target not found
Native extension for WebGL target not found
Refreshing native plugins compatible for Editor in 1.03 ms, found 9 plugins.
Preloading 1 native plugins for Editor in 0.09 ms.
Invoked RoslynAnalysisRunner static constructor.
RoslynAnalysisRunner will not be running.
RoslynAnalysisRunner has terminated.
Mono: successfully reloaded assembly
- Completed reload, in  1.043 seconds
Platform modules already initialized, skipping
Switching build target platform(5) subTarget(0) extendedPlatform(0) -> platform(13) subTarget(524294) extendedPlatform(0)
Shader 'Oculus/OVRMRCameraFrameLit': fallback shader 'Alpha-Diffuse' not found
Refreshing native plugins compatible for Editor in 0.99 ms, found 9 plugins.
Preloading 1 native plugins for Editor in 0.09 ms.
Unloading 2279 Unused Serialized files (Serialized files now loaded: 0)
System memory in use before: 119.4 MB.
System memory in use after: 119.6 MB.

Unloading 42 unused Assets to reduce memory usage. Loaded Objects now: 2850.
Total: 2.698400 ms (FindLiveObjects: 0.379700 ms CreateObjectMapping: 0.109900 ms MarkObjects: 2.171300 ms  DeleteObjects: 0.036100 ms)

AssetImportParameters requested are different than current active one (requested -> active):
  custom:graphics/normal-map-encoding: 01000000000000000000000000000000 -> 02000000000000000000000000000000
========================================================================
Received Prepare
Shader 'Oculus/OVRMRCameraFrameLit': fallback shader 'Alpha-Diffuse' not found
Refreshing native plugins compatible for Editor in 14.73 ms, found 9 plugins.
Preloading 1 native plugins for Editor in 0.09 ms.
Unloading 39 Unused Serialized files (Serialized files now loaded: 0)
System memory in use before: 74.9 MB.
System memory in use after: 75.2 MB.

Unloading 38 unused Assets to reduce memory usage. Loaded Objects now: 2850.
Total: 2.505500 ms (FindLiveObjects: 0.349000 ms CreateObjectMapping: 0.068100 ms MarkObjects: 2.060800 ms  DeleteObjects: 0.026500 ms)

AssetImportWorkerClient::OnTransportError - code=2 error=End of file
