Using pre-set license
Built from '2020.3/release' branch; Version is '2020.3.2f1 (8fd9074bf66c) revision 9427207'; Using compiler version '192528614'; Build Type 'Release'
OS: 'Windows 10 Home; OS build 19041.928; Version 2004; 64bit' Language: 'en' Physical Memory: 16313 MB
BatchMode: 1, IsHumanControllingUs: 0, StartBugReporterOnCrash: 0, Is64bit: 1, IsPro: 0

 COMMAND LINE ARGUMENTS:
C:\Program Files\Unity\Hub\Editor\2020.3.2f1\Editor\Unity.exe
-adb2
-batchMode
-noUpm
-name
AssetImportWorker0
-projectPath
C:/Users/Hykudo/Documents/Dev Studio/Game Development/Unity/Projects/VR/VR-Oculus-Project/VR-Oculus-Project
-logFile
Logs/AssetImportWorker0.log
-srvPort
64231
Successfully changed project path to: C:/Users/Hykudo/Documents/Dev Studio/Game Development/Unity/Projects/VR/VR-Oculus-Project/VR-Oculus-Project
C:/Users/Hykudo/Documents/Dev Studio/Game Development/Unity/Projects/VR/VR-Oculus-Project/VR-Oculus-Project
Using Asset Import Pipeline V2.
Refreshing native plugins compatible for Editor in 512.33 ms, found 9 plugins.
Preloading 1 native plugins for Editor in 1.62 ms.
Initialize engine version: 2020.3.2f1 (8fd9074bf66c)
[Subsystems] Discovering subsystems at path C:/Program Files/Unity/Hub/Editor/2020.3.2f1/Editor/Data/Resources/UnitySubsystems
[Subsystems] Discovering subsystems at path C:/Users/Hykudo/Documents/Dev Studio/Game Development/Unity/Projects/VR/VR-Oculus-Project/VR-Oculus-Project/Assets
GfxDevice: creating device client; threaded=0
Direct3D:
    Version:  Direct3D 11.0 [level 11.0]
    Renderer: AMD Radeon HD 5800 Series (ID=0x6898)
    Vendor:   
    VRAM:     1010 MB
    Driver:   15.201.1151.1008
Shader 'Oculus/OVRMRCameraFrameLit': fallback shader 'Alpha-Diffuse' not found
Initialize mono
Mono path[0] = 'C:/Program Files/Unity/Hub/Editor/2020.3.2f1/Editor/Data/Managed'
Mono path[1] = 'C:/Program Files/Unity/Hub/Editor/2020.3.2f1/Editor/Data/MonoBleedingEdge/lib/mono/unityjit'
Mono config path = 'C:/Program Files/Unity/Hub/Editor/2020.3.2f1/Editor/Data/MonoBleedingEdge/etc'
Using monoOptions --debugger-agent=transport=dt_socket,embedding=1,server=y,suspend=n,address=127.0.0.1:56192
Begin MonoManager ReloadAssembly
Registering precompiled unity dll's ...
Register platform support module: C:/Program Files/Unity/Hub/Editor/2020.3.2f1/Editor/Data/PlaybackEngines/WebGLSupport/UnityEditor.WebGL.Extensions.dll
Register platform support module: C:/Program Files/Unity/Hub/Editor/2020.3.2f1/Editor/Data/PlaybackEngines/WindowsStandaloneSupport/UnityEditor.WindowsStandalone.Extensions.dll
Registered in 0.002946 seconds.
Native extension for WindowsStandalone target not found
Native extension for WebGL target not found
Refreshing native plugins compatible for Editor in 61.92 ms, found 9 plugins.
Preloading 1 native plugins for Editor in 0.08 ms.
Invoked RoslynAnalysisRunner static constructor.
RoslynAnalysisRunner will not be running.
RoslynAnalysisRunner has terminated.
Mono: successfully reloaded assembly
- Completed reload, in  2.277 seconds
Platform modules already initialized, skipping
Registering precompiled user dll's ...
Registered in 0.298613 seconds.
Begin MonoManager ReloadAssembly
Native extension for WindowsStandalone target not found
Native extension for WebGL target not found
Refreshing native plugins compatible for Editor in 62.74 ms, found 9 plugins.
Preloading 1 native plugins for Editor in 0.08 ms.
Invoked RoslynAnalysisRunner static constructor.
RoslynAnalysisRunner will not be running.
RoslynAnalysisRunner has terminated.
[XR] OculusXRPlugin: registering subsystems
[XR] Unable to register display lifecyle provider: [1]
[XR] Oculus Input lifecycle provider registered.
[XR] Unable to register input lifecyle provider: [1]
[XR] OVRP version 1.57.0
Mono: successfully reloaded assembly
- Completed reload, in  1.165 seconds
Platform modules already initialized, skipping
========================================================================
Worker process is ready to serve import requests
Shader 'Oculus/OVRMRCameraFrameLit': fallback shader 'Alpha-Diffuse' not found
Launched and connected shader compiler UnityShaderCompiler.exe after 0.06 seconds
Refreshing native plugins compatible for Editor in 1.00 ms, found 9 plugins.
Preloading 1 native plugins for Editor in 0.10 ms.
Unloading 2358 Unused Serialized files (Serialized files now loaded: 0)
System memory in use before: 126.0 MB.
System memory in use after: 126.0 MB.

Unloading 49 unused Assets to reduce memory usage. Loaded Objects now: 2789.
Total: 2.442800 ms (FindLiveObjects: 0.304800 ms CreateObjectMapping: 0.066400 ms MarkObjects: 1.971700 ms  DeleteObjects: 0.098800 ms)

========================================================================
Received Import Request.
  path: Assets/Samples/XR Interaction Toolkit/1.0.0-pre.3/Default Input Actions/XRI Default Input Actions.inputactions
  artifactKey: Guid(c348712bda248c246b8c49b3db54643f) Importer(815301076,1909f56bfc062723c751e8b465ee728b)
Start importing Assets/Samples/XR Interaction Toolkit/1.0.0-pre.3/Default Input Actions/XRI Default Input Actions.inputactions using Guid(c348712bda248c246b8c49b3db54643f) Importer(815301076,1909f56bfc062723c751e8b465ee728b)  -> (artifact id: 'c6389fedc9ddc511f85389b178661c49') in 0.053864 seconds
  Import took 0.058138 seconds .

========================================================================
Received Import Request.
  Time since last request: 30.240807 seconds.
  path: Assets/Samples/XR Interaction Toolkit/1.0.0-pre.3/Default Input Actions/XRI Default Input Actions.inputactions
  artifactKey: Guid(c348712bda248c246b8c49b3db54643f) Importer(815301076,1909f56bfc062723c751e8b465ee728b)
Start importing Assets/Samples/XR Interaction Toolkit/1.0.0-pre.3/Default Input Actions/XRI Default Input Actions.inputactions using Guid(c348712bda248c246b8c49b3db54643f) Importer(815301076,1909f56bfc062723c751e8b465ee728b)  -> (artifact id: 'b194d12ff806e063726f6cb47e3e6e75') in 0.011688 seconds
  Import took 0.016053 seconds .

========================================================================
Received Import Request.
  Time since last request: 30.155224 seconds.
  path: Assets/Hyku/Scripts
  artifactKey: Guid(a5fd18039562bb149af05325cf49b08c) Importer(815301076,1909f56bfc062723c751e8b465ee728b)
Start importing Assets/Hyku/Scripts using Guid(a5fd18039562bb149af05325cf49b08c) Importer(815301076,1909f56bfc062723c751e8b465ee728b)  -> (artifact id: 'f7582caaabb51283e58b2edf4b5278a2') in 0.009612 seconds
  Import took 0.015752 seconds .

========================================================================
Received Import Request.
  Time since last request: 0.000400 seconds.
  path: Assets/Hyku/Scripts
  artifactKey: Guid(a5fd18039562bb149af05325cf49b08c) Importer(815301076,1909f56bfc062723c751e8b465ee728b)
Start importing Assets/Hyku/Scripts using Guid(a5fd18039562bb149af05325cf49b08c) Importer(815301076,1909f56bfc062723c751e8b465ee728b)  -> (artifact id: 'f7582caaabb51283e58b2edf4b5278a2') in 0.002759 seconds
  Import took 0.005836 seconds .

========================================================================
Received Import Request.
  Time since last request: 59.630909 seconds.
  path: Assets/Hyku/VRPlayerController.cs
  artifactKey: Guid(0d34b818b42801940882a0bbbdc69b49) Importer(815301076,1909f56bfc062723c751e8b465ee728b)
Start importing Assets/Hyku/VRPlayerController.cs using Guid(0d34b818b42801940882a0bbbdc69b49) Importer(815301076,1909f56bfc062723c751e8b465ee728b)  -> (artifact id: '2ea4c468e7b6f7b539c52e8772c06167') in 0.016263 seconds
  Import took 0.021100 seconds .

========================================================================
Received Prepare
Registering precompiled user dll's ...
Registered in 0.007388 seconds.
Begin MonoManager ReloadAssembly
Native extension for WindowsStandalone target not found
Native extension for WebGL target not found
Refreshing native plugins compatible for Editor in 1.04 ms, found 9 plugins.
Preloading 1 native plugins for Editor in 0.09 ms.
Invoked RoslynAnalysisRunner static constructor.
RoslynAnalysisRunner will not be running.
RoslynAnalysisRunner has terminated.
Mono: successfully reloaded assembly
- Completed reload, in  1.037 seconds
Platform modules already initialized, skipping
Switching build target platform(5) subTarget(0) extendedPlatform(0) -> platform(13) subTarget(524294) extendedPlatform(0)
Shader 'Oculus/OVRMRCameraFrameLit': fallback shader 'Alpha-Diffuse' not found
Refreshing native plugins compatible for Editor in 1.02 ms, found 9 plugins.
Preloading 1 native plugins for Editor in 0.09 ms.
Unloading 2281 Unused Serialized files (Serialized files now loaded: 0)
System memory in use before: 119.0 MB.
System memory in use after: 119.2 MB.

Unloading 43 unused Assets to reduce memory usage. Loaded Objects now: 2794.
Total: 2.677600 ms (FindLiveObjects: 0.344600 ms CreateObjectMapping: 0.069200 ms MarkObjects: 2.231400 ms  DeleteObjects: 0.030700 ms)

AssetImportParameters requested are different than current active one (requested -> active):
  custom:graphics/normal-map-encoding: 01000000000000000000000000000000 -> 02000000000000000000000000000000
========================================================================
Received Prepare
Registering precompiled user dll's ...
Registered in 0.007016 seconds.
Begin MonoManager ReloadAssembly
Native extension for WindowsStandalone target not found
Native extension for WebGL target not found
Refreshing native plugins compatible for Editor in 1.02 ms, found 9 plugins.
Preloading 1 native plugins for Editor in 0.09 ms.
Invoked RoslynAnalysisRunner static constructor.
RoslynAnalysisRunner will not be running.
RoslynAnalysisRunner has terminated.
Mono: successfully reloaded assembly
- Completed reload, in  1.041 seconds
Platform modules already initialized, skipping
Switching build target platform(5) subTarget(0) extendedPlatform(0) -> platform(13) subTarget(524294) extendedPlatform(0)
Shader 'Oculus/OVRMRCameraFrameLit': fallback shader 'Alpha-Diffuse' not found
Refreshing native plugins compatible for Editor in 1.01 ms, found 9 plugins.
Preloading 1 native plugins for Editor in 0.09 ms.
Unloading 2281 Unused Serialized files (Serialized files now loaded: 0)
System memory in use before: 119.1 MB.
System memory in use after: 119.3 MB.

Unloading 43 unused Assets to reduce memory usage. Loaded Objects now: 2798.
Total: 2.543900 ms (FindLiveObjects: 0.299200 ms CreateObjectMapping: 0.061800 ms MarkObjects: 2.141600 ms  DeleteObjects: 0.040100 ms)

AssetImportParameters requested are different than current active one (requested -> active):
  custom:graphics/normal-map-encoding: 01000000000000000000000000000000 -> 02000000000000000000000000000000
========================================================================
Received Import Request.
  Time since last request: 424.577455 seconds.
  path: Assets/Hyku/VRPlayerController.cs
  artifactKey: Guid(0d34b818b42801940882a0bbbdc69b49) Importer(815301076,1909f56bfc062723c751e8b465ee728b)
Start importing Assets/Hyku/VRPlayerController.cs using Guid(0d34b818b42801940882a0bbbdc69b49) Importer(815301076,1909f56bfc062723c751e8b465ee728b)  -> (artifact id: 'a29d6107fae0e382dca20a33f72b9a66') in 0.007375 seconds
  Import took 0.011707 seconds .

========================================================================
Received Import Request.
  Time since last request: 22.966349 seconds.
  path: Assets/Samples/XR Interaction Toolkit/1.0.0-pre.3/Default Input Actions/XRI Default Input Actions.inputactions
  artifactKey: Guid(c348712bda248c246b8c49b3db54643f) Importer(815301076,1909f56bfc062723c751e8b465ee728b)
Start importing Assets/Samples/XR Interaction Toolkit/1.0.0-pre.3/Default Input Actions/XRI Default Input Actions.inputactions using Guid(c348712bda248c246b8c49b3db54643f) Importer(815301076,1909f56bfc062723c751e8b465ee728b)  -> (artifact id: '48f5269435014c01cb8eca59456d328b') in 0.030942 seconds
  Import took 0.035496 seconds .

========================================================================
Received Import Request.
  Time since last request: 5.620305 seconds.
  path: Assets/Samples/XR Interaction Toolkit/1.0.0-pre.3/Default Input Actions/XRI Default Input Actions.inputactions
  artifactKey: Guid(c348712bda248c246b8c49b3db54643f) Importer(815301076,1909f56bfc062723c751e8b465ee728b)
Start importing Assets/Samples/XR Interaction Toolkit/1.0.0-pre.3/Default Input Actions/XRI Default Input Actions.inputactions using Guid(c348712bda248c246b8c49b3db54643f) Importer(815301076,1909f56bfc062723c751e8b465ee728b)  -> (artifact id: '65ea8c939e84fda3ebc8dd8ccccfcd71') in 0.016233 seconds
  Import took 0.022676 seconds .

========================================================================
Received Prepare
Registering precompiled user dll's ...
Registered in 0.007228 seconds.
Begin MonoManager ReloadAssembly
Native extension for WindowsStandalone target not found
Native extension for WebGL target not found
Refreshing native plugins compatible for Editor in 1.02 ms, found 9 plugins.
Preloading 1 native plugins for Editor in 0.09 ms.
Invoked RoslynAnalysisRunner static constructor.
RoslynAnalysisRunner will not be running.
RoslynAnalysisRunner has terminated.
Mono: successfully reloaded assembly
- Completed reload, in  1.050 seconds
Platform modules already initialized, skipping
Switching build target platform(5) subTarget(0) extendedPlatform(0) -> platform(13) subTarget(524294) extendedPlatform(0)
Shader 'Oculus/OVRMRCameraFrameLit': fallback shader 'Alpha-Diffuse' not found
Refreshing native plugins compatible for Editor in 1.01 ms, found 9 plugins.
Preloading 1 native plugins for Editor in 0.09 ms.
Unloading 2281 Unused Serialized files (Serialized files now loaded: 0)
System memory in use before: 119.1 MB.
System memory in use after: 119.3 MB.

Unloading 43 unused Assets to reduce memory usage. Loaded Objects now: 2802.
Total: 3.150600 ms (FindLiveObjects: 0.312600 ms CreateObjectMapping: 0.074800 ms MarkObjects: 2.711800 ms  DeleteObjects: 0.049900 ms)

AssetImportParameters requested are different than current active one (requested -> active):
  custom:graphics/normal-map-encoding: 01000000000000000000000000000000 -> 02000000000000000000000000000000
========================================================================
Received Prepare
Registering precompiled user dll's ...
Registered in 0.006652 seconds.
Begin MonoManager ReloadAssembly
Native extension for WindowsStandalone target not found
Native extension for WebGL target not found
Refreshing native plugins compatible for Editor in 1.02 ms, found 9 plugins.
Preloading 1 native plugins for Editor in 0.09 ms.
Invoked RoslynAnalysisRunner static constructor.
RoslynAnalysisRunner will not be running.
RoslynAnalysisRunner has terminated.
Mono: successfully reloaded assembly
- Completed reload, in  1.040 seconds
Platform modules already initialized, skipping
Switching build target platform(5) subTarget(0) extendedPlatform(0) -> platform(13) subTarget(524294) extendedPlatform(0)
Shader 'Oculus/OVRMRCameraFrameLit': fallback shader 'Alpha-Diffuse' not found
Refreshing native plugins compatible for Editor in 1.01 ms, found 9 plugins.
Preloading 1 native plugins for Editor in 0.10 ms.
Unloading 2281 Unused Serialized files (Serialized files now loaded: 0)
System memory in use before: 119.1 MB.
System memory in use after: 119.3 MB.

Unloading 43 unused Assets to reduce memory usage. Loaded Objects now: 2806.
Total: 3.302900 ms (FindLiveObjects: 0.429200 ms CreateObjectMapping: 0.089900 ms MarkObjects: 2.740500 ms  DeleteObjects: 0.041600 ms)

AssetImportParameters requested are different than current active one (requested -> active):
  custom:graphics/normal-map-encoding: 01000000000000000000000000000000 -> 02000000000000000000000000000000
========================================================================
Received Prepare
Registering precompiled user dll's ...
Registered in 0.006579 seconds.
Begin MonoManager ReloadAssembly
Native extension for WindowsStandalone target not found
Native extension for WebGL target not found
Refreshing native plugins compatible for Editor in 1.26 ms, found 9 plugins.
Preloading 1 native plugins for Editor in 0.09 ms.
Invoked RoslynAnalysisRunner static constructor.
RoslynAnalysisRunner will not be running.
RoslynAnalysisRunner has terminated.
Mono: successfully reloaded assembly
- Completed reload, in  1.066 seconds
Platform modules already initialized, skipping
Switching build target platform(5) subTarget(0) extendedPlatform(0) -> platform(13) subTarget(524294) extendedPlatform(0)
Shader 'Oculus/OVRMRCameraFrameLit': fallback shader 'Alpha-Diffuse' not found
Refreshing native plugins compatible for Editor in 1.00 ms, found 9 plugins.
Preloading 1 native plugins for Editor in 0.10 ms.
Unloading 2281 Unused Serialized files (Serialized files now loaded: 0)
System memory in use before: 119.0 MB.
System memory in use after: 119.2 MB.

Unloading 43 unused Assets to reduce memory usage. Loaded Objects now: 2810.
Total: 2.602100 ms (FindLiveObjects: 0.314300 ms CreateObjectMapping: 0.062900 ms MarkObjects: 2.187800 ms  DeleteObjects: 0.035800 ms)

AssetImportParameters requested are different than current active one (requested -> active):
  custom:graphics/normal-map-encoding: 01000000000000000000000000000000 -> 02000000000000000000000000000000
========================================================================
Received Prepare
Registering precompiled user dll's ...
Registered in 0.006588 seconds.
Begin MonoManager ReloadAssembly
Native extension for WindowsStandalone target not found
Native extension for WebGL target not found
Refreshing native plugins compatible for Editor in 1.03 ms, found 9 plugins.
Preloading 1 native plugins for Editor in 0.09 ms.
Invoked RoslynAnalysisRunner static constructor.
RoslynAnalysisRunner will not be running.
RoslynAnalysisRunner has terminated.
Mono: successfully reloaded assembly
- Completed reload, in  1.063 seconds
Platform modules already initialized, skipping
Switching build target platform(5) subTarget(0) extendedPlatform(0) -> platform(13) subTarget(524294) extendedPlatform(0)
Shader 'Oculus/OVRMRCameraFrameLit': fallback shader 'Alpha-Diffuse' not found
Refreshing native plugins compatible for Editor in 1.01 ms, found 9 plugins.
Preloading 1 native plugins for Editor in 0.10 ms.
Unloading 2281 Unused Serialized files (Serialized files now loaded: 0)
System memory in use before: 119.1 MB.
System memory in use after: 119.3 MB.

Unloading 43 unused Assets to reduce memory usage. Loaded Objects now: 2814.
Total: 3.053300 ms (FindLiveObjects: 0.313400 ms CreateObjectMapping: 0.073500 ms MarkObjects: 2.621100 ms  DeleteObjects: 0.044000 ms)

AssetImportParameters requested are different than current active one (requested -> active):
  custom:graphics/normal-map-encoding: 01000000000000000000000000000000 -> 02000000000000000000000000000000
========================================================================
Received Prepare
Shader 'Oculus/OVRMRCameraFrameLit': fallback shader 'Alpha-Diffuse' not found
Refreshing native plugins compatible for Editor in 14.73 ms, found 9 plugins.
Preloading 1 native plugins for Editor in 0.08 ms.
Unloading 40 Unused Serialized files (Serialized files now loaded: 0)
System memory in use before: 74.5 MB.
System memory in use after: 74.7 MB.

Unloading 39 unused Assets to reduce memory usage. Loaded Objects now: 2814.
Total: 3.194200 ms (FindLiveObjects: 0.351500 ms CreateObjectMapping: 0.094900 ms MarkObjects: 2.707200 ms  DeleteObjects: 0.039300 ms)

AssetImportWorkerClient::OnTransportError - code=2 error=End of file
